#
# A fatal error has been detected by the Java Runtime Environment:
#
#  Internal Error (javaCalls.cpp:51), pid=17604, tid=0x0000000000003e2c
#  guarantee(thread->is_Java_thread()) failed: crucial check - the VM thread cannot and must not escape to Java code
#
# JRE version: Java(TM) SE Runtime Environment (8.0_251-b08) (build 1.8.0_251-b08)
# Java VM: Java HotSpot(TM) 64-Bit Server VM (25.251-b08 mixed mode windows-amd64 compressed oops)
# Failed to write core dump. Minidumps are not enabled by default on client versions of Windows
#
# If you would like to submit a bug report, please visit:
#   http://bugreport.java.com/bugreport/crash.jsp
#

---------------  T H R E A D  ---------------

Current thread (0x0000000017d69000):  VMThread [stack: 0x0000000019a60000,0x0000000019b60000] [id=15916]

Stack: [0x0000000019a60000,0x0000000019b60000]
[error occurred during error reporting (printing stack bounds), id 0xc0000005]

Native frames: (J=compiled Java code, j=interpreted, Vv=VM code, C=native code)

VM_Operation (0x000000001a8bf610): GetOrSetLocal, mode: safepoint, requested by thread 0x0000000019c96000


---------------  P R O C E S S  ---------------

Java Threads: ( => current thread )
  0x0000000023673800 JavaThread "http-nio-8080-exec-5" daemon [_thread_blocked, id=4584, stack(0x00000000010d0000,0x00000000011d0000)]
  0x0000000023678800 JavaThread "http-nio-8080-exec-4" daemon [_thread_blocked, id=14772, stack(0x0000000000fd0000,0x00000000010d0000)]
  0x0000000023675800 JavaThread "http-nio-8080-exec-3" daemon [_thread_blocked, id=14968, stack(0x0000000000ed0000,0x0000000000fd0000)]
  0x0000000023674000 JavaThread "http-nio-8080-exec-2" daemon [_thread_blocked, id=12144, stack(0x00000000205e0000,0x00000000206e0000)]
  0x000000001c357000 JavaThread "http-nio-8080-exec-1" daemon [_thread_blocked, id=15260, stack(0x00000000204e0000,0x00000000205e0000)]
  0x0000000002d54000 JavaThread "DestroyJavaVM" [_thread_blocked, id=16824, stack(0x0000000002a40000,0x0000000002b40000)]
  0x0000000023757800 JavaThread "http-nio-8080-Acceptor" daemon [_thread_in_native, id=18000, stack(0x00000000247d0000,0x00000000248d0000)]
  0x0000000023756800 JavaThread "http-nio-8080-Poller" daemon [_thread_in_native, id=148, stack(0x0000000024ae0000,0x0000000024be0000)]
  0x000000001bfb0000 JavaThread "container-0" [_thread_blocked, id=15272, stack(0x0000000021ed0000,0x0000000021fd0000)]
  0x000000001bfaf000 JavaThread "Catalina-utility-2" [_thread_blocked, id=10752, stack(0x0000000021b70000,0x0000000021c70000)]
  0x000000001bf28000 JavaThread "Catalina-utility-1" [_thread_blocked, id=14564, stack(0x000000001ddd0000,0x000000001ded0000)]
  0x0000000019fb3000 JavaThread "Service Thread" daemon [_thread_blocked, id=15336, stack(0x000000001aec0000,0x000000001afc0000)]
  0x0000000019f2b800 JavaThread "C1 CompilerThread3" daemon [_thread_blocked, id=12092, stack(0x000000001adc0000,0x000000001aec0000)]
  0x0000000019f26000 JavaThread "C2 CompilerThread2" daemon [_thread_blocked, id=7484, stack(0x000000001acc0000,0x000000001adc0000)]
  0x0000000019f23000 JavaThread "C2 CompilerThread1" daemon [_thread_blocked, id=8604, stack(0x000000001abc0000,0x000000001acc0000)]
  0x0000000019f20800 JavaThread "C2 CompilerThread0" daemon [_thread_blocked, id=15072, stack(0x000000001aac0000,0x000000001abc0000)]
  0x0000000019ca6800 JavaThread "JDWP Command Reader" daemon [_thread_in_native, id=16152, stack(0x000000001a9c0000,0x000000001aac0000)]
  0x0000000019ca3000 JavaThread "JDWP Event Helper Thread" daemon [_thread_blocked, id=15836, stack(0x000000001a8c0000,0x000000001a9c0000)]
  0x0000000019c96000 JavaThread "JDWP Transport Listener: dt_socket" daemon [_thread_blocked, id=1648, stack(0x000000001a7c0000,0x000000001a8c0000)]
  0x0000000019c8d800 JavaThread "Attach Listener" daemon [_thread_blocked, id=2852, stack(0x000000001a380000,0x000000001a480000)]
  0x0000000017d7e800 JavaThread "Signal Dispatcher" daemon [_thread_blocked, id=280, stack(0x000000001a280000,0x000000001a380000)]
  0x0000000019c80800 JavaThread "Finalizer" daemon [_thread_blocked, id=16264, stack(0x000000001a060000,0x000000001a160000)]
  0x0000000002e4d800 JavaThread "Reference Handler" daemon [_thread_blocked, id=11472, stack(0x0000000019b60000,0x0000000019c60000)]

Other Threads:
=>0x0000000017d69000 VMThread [stack: 0x0000000019a60000,0x0000000019b60000] [id=15916]
  0x000000001a057800 WatcherThread [stack: 0x000000001b7c0000,0x000000001b8c0000] [id=14916]

VM state:at safepoint (normal execution)

VM Mutex/Monitor currently owned by a thread:  ([mutex/lock_event])
[0x0000000002d50ed0] Threads_lock - owner thread: 0x0000000017d69000

heap address: 0x0000000082200000, size: 2014 MB, Compressed Oops mode: 32-bit
Narrow klass base: 0x0000000000000000, Narrow klass shift: 3
Compressed class space size: 1073741824 Address: 0x0000000100000000

Heap:
 PSYoungGen      total 173056K, used 64305K [0x00000000d6100000, 0x00000000e3400000, 0x0000000100000000)
  eden space 162816K, 39% used [0x00000000d6100000,0x00000000d9fcc450,0x00000000e0000000)
  from space 10240K, 0% used [0x00000000e0a80000,0x00000000e0a80000,0x00000000e1480000)
  to   space 10752K, 0% used [0x00000000e0000000,0x00000000e0000000,0x00000000e0a80000)
 ParOldGen       total 78848K, used 10900K [0x0000000082200000, 0x0000000086f00000, 0x00000000d6100000)
  object space 78848K, 13% used [0x0000000082200000,0x0000000082ca5100,0x0000000086f00000)
 Metaspace       used 36889K, capacity 39217K, committed 39424K, reserved 1083392K
  class space    used 4607K, capacity 4995K, committed 5120K, reserved 1048576K

Card table byte_map: [0x0000000012210000,0x0000000012600000] byte_map_base: 0x0000000011dff000

Marking Bits: (ParMarkBitMap*) 0x000000005afaaf90
 Begin Bits: [0x00000000130a0000, 0x0000000015018000)
 End Bits:   [0x0000000015018000, 0x0000000016f90000)

Polling page: 0x00000000029d0000

CodeCache: size=245760Kb used=12364Kb max_used=12745Kb free=233395Kb
 bounds [0x0000000002e50000, 0x0000000003ae0000, 0x0000000011e50000]
 total_blobs=3983 nmethods=3503 adapters=400
 compilation: enabled

Compilation events (10 events):
Event: 751.342 Thread 0x0000000019f2b800 nmethod 4118 0x00000000034ae250 code [0x00000000034ae660, 0x00000000034b0118]
Event: 751.344 Thread 0x0000000019f2b800 4120   !   3       java.net.AbstractPlainSocketImpl::acquireFD (29 bytes)
Event: 751.345 Thread 0x0000000019f2b800 nmethod 4120 0x00000000034b8750 code [0x00000000034b88c0, 0x00000000034b8bb0]
Event: 751.345 Thread 0x0000000019f2b800 4121   !   3       java.net.AbstractPlainSocketImpl::releaseFD (74 bytes)
Event: 751.345 Thread 0x0000000019f2b800 nmethod 4121 0x00000000034ad8d0 code [0x00000000034ada60, 0x00000000034ae068]
Event: 751.345 Thread 0x0000000019f2b800 4122       3       com.sun.crypto.provider.GaloisCounterMode::expandToOneBlock (65 bytes)
Event: 751.346 Thread 0x0000000019f2b800 nmethod 4122 0x00000000034acbd0 code [0x00000000034acdc0, 0x00000000034ad5a8]
Event: 751.346 Thread 0x0000000019f2b800 4123       3       com.sun.crypto.provider.GHASH::update (9 bytes)
Event: 751.346 Thread 0x0000000019f2b800 nmethod 4123 0x00000000034ac750 code [0x00000000034ac8c0, 0x00000000034acae8]
Event: 751.356 Thread 0x0000000019f20800 nmethod 4119 0x00000000037afe90 code [0x00000000037b0020, 0x00000000037b0c58]

GC Heap History (10 events):
Event: 2.145 GC heap before
{Heap before GC invocations=6 (full 1):
 PSYoungGen      total 70656K, used 5095K [0x00000000d6100000, 0x00000000df100000, 0x0000000100000000)
  eden space 65536K, 0% used [0x00000000d6100000,0x00000000d6100000,0x00000000da100000)
  from space 5120K, 99% used [0x00000000da100000,0x00000000da5f9f60,0x00000000da600000)
  to   space 8192K, 0% used [0x00000000de900000,0x00000000de900000,0x00000000df100000)
 ParOldGen       total 86016K, used 2972K [0x0000000082200000, 0x0000000087600000, 0x00000000d6100000)
  object space 86016K, 3% used [0x0000000082200000,0x00000000824e72a0,0x0000000087600000)
 Metaspace       used 20289K, capacity 21165K, committed 21296K, reserved 1069056K
  class space    used 2495K, capacity 2688K, committed 2688K, reserved 1048576K
Event: 2.172 GC heap after
Heap after GC invocations=6 (full 1):
 PSYoungGen      total 70656K, used 0K [0x00000000d6100000, 0x00000000df100000, 0x0000000100000000)
  eden space 65536K, 0% used [0x00000000d6100000,0x00000000d6100000,0x00000000da100000)
  from space 5120K, 0% used [0x00000000da100000,0x00000000da100000,0x00000000da600000)
  to   space 8192K, 0% used [0x00000000de900000,0x00000000de900000,0x00000000df100000)
 ParOldGen       total 53248K, used 6829K [0x0000000082200000, 0x0000000085600000, 0x00000000d6100000)
  object space 53248K, 12% used [0x0000000082200000,0x00000000828ab678,0x0000000085600000)
 Metaspace       used 20289K, capacity 21165K, committed 21296K, reserved 1069056K
  class space    used 2495K, capacity 2688K, committed 2688K, reserved 1048576K
}
Event: 3.037 GC heap before
{Heap before GC invocations=7 (full 1):
 PSYoungGen      total 70656K, used 65536K [0x00000000d6100000, 0x00000000df100000, 0x0000000100000000)
  eden space 65536K, 100% used [0x00000000d6100000,0x00000000da100000,0x00000000da100000)
  from space 5120K, 0% used [0x00000000da100000,0x00000000da100000,0x00000000da600000)
  to   space 8192K, 0% used [0x00000000de900000,0x00000000de900000,0x00000000df100000)
 ParOldGen       total 53248K, used 6829K [0x0000000082200000, 0x0000000085600000, 0x00000000d6100000)
  object space 53248K, 12% used [0x0000000082200000,0x00000000828ab678,0x0000000085600000)
 Metaspace       used 23586K, capacity 24675K, committed 24960K, reserved 1071104K
  class space    used 2922K, capacity 3156K, committed 3200K, reserved 1048576K
Event: 3.042 GC heap after
Heap after GC invocations=7 (full 1):
 PSYoungGen      total 111104K, used 5674K [0x00000000d6100000, 0x00000000def00000, 0x0000000100000000)
  eden space 104960K, 0% used [0x00000000d6100000,0x00000000d6100000,0x00000000dc780000)
  from space 6144K, 92% used [0x00000000de900000,0x00000000dee8ab68,0x00000000def00000)
  to   space 7680K, 0% used [0x00000000de000000,0x00000000de000000,0x00000000de780000)
 ParOldGen       total 53248K, used 6837K [0x0000000082200000, 0x0000000085600000, 0x00000000d6100000)
  object space 53248K, 12% used [0x0000000082200000,0x00000000828ad678,0x0000000085600000)
 Metaspace       used 23586K, capacity 24675K, committed 24960K, reserved 1071104K
  class space    used 2922K, capacity 3156K, committed 3200K, reserved 1048576K
}
Event: 4.763 GC heap before
{Heap before GC invocations=8 (full 1):
 PSYoungGen      total 111104K, used 110634K [0x00000000d6100000, 0x00000000def00000, 0x0000000100000000)
  eden space 104960K, 100% used [0x00000000d6100000,0x00000000dc780000,0x00000000dc780000)
  from space 6144K, 92% used [0x00000000de900000,0x00000000dee8ab68,0x00000000def00000)
  to   space 7680K, 0% used [0x00000000de000000,0x00000000de000000,0x00000000de780000)
 ParOldGen       total 53248K, used 6837K [0x0000000082200000, 0x0000000085600000, 0x00000000d6100000)
  object space 53248K, 12% used [0x0000000082200000,0x00000000828ad678,0x0000000085600000)
 Metaspace       used 31017K, capacity 33107K, committed 33280K, reserved 1079296K
  class space    used 3913K, capacity 4270K, committed 4352K, reserved 1048576K
Event: 4.775 GC heap after
Heap after GC invocations=8 (full 1):
 PSYoungGen      total 137728K, used 7666K [0x00000000d6100000, 0x00000000e1480000, 0x0000000100000000)
  eden space 130048K, 0% used [0x00000000d6100000,0x00000000d6100000,0x00000000de000000)
  from space 7680K, 99% used [0x00000000de000000,0x00000000de77c850,0x00000000de780000)
  to   space 10240K, 0% used [0x00000000e0a80000,0x00000000e0a80000,0x00000000e1480000)
 ParOldGen       total 53248K, used 10496K [0x0000000082200000, 0x0000000085600000, 0x00000000d6100000)
  object space 53248K, 19% used [0x0000000082200000,0x0000000082c40330,0x0000000085600000)
 Metaspace       used 31017K, capacity 33107K, committed 33280K, reserved 1079296K
  class space    used 3913K, capacity 4270K, committed 4352K, reserved 1048576K
}
Event: 7.838 GC heap before
{Heap before GC invocations=9 (full 1):
 PSYoungGen      total 137728K, used 34214K [0x00000000d6100000, 0x00000000e1480000, 0x0000000100000000)
  eden space 130048K, 20% used [0x00000000d6100000,0x00000000d7aed0f0,0x00000000de000000)
  from space 7680K, 99% used [0x00000000de000000,0x00000000de77c850,0x00000000de780000)
  to   space 10240K, 0% used [0x00000000e0a80000,0x00000000e0a80000,0x00000000e1480000)
 ParOldGen       total 53248K, used 10496K [0x0000000082200000, 0x0000000085600000, 0x00000000d6100000)
  object space 53248K, 19% used [0x0000000082200000,0x0000000082c40330,0x0000000085600000)
 Metaspace       used 33199K, capacity 35391K, committed 35496K, reserved 1081344K
  class space    used 4196K, capacity 4600K, committed 4608K, reserved 1048576K
Event: 7.844 GC heap after
Heap after GC invocations=9 (full 1):
 PSYoungGen      total 173056K, used 8478K [0x00000000d6100000, 0x00000000e3400000, 0x0000000100000000)
  eden space 162816K, 0% used [0x00000000d6100000,0x00000000d6100000,0x00000000e0000000)
  from space 10240K, 82% used [0x00000000e0a80000,0x00000000e12c79e8,0x00000000e1480000)
  to   space 10752K, 0% used [0x00000000e0000000,0x00000000e0000000,0x00000000e0a80000)
 ParOldGen       total 53248K, used 10504K [0x0000000082200000, 0x0000000085600000, 0x00000000d6100000)
  object space 53248K, 19% used [0x0000000082200000,0x0000000082c42330,0x0000000085600000)
 Metaspace       used 33199K, capacity 35391K, committed 35496K, reserved 1081344K
  class space    used 4196K, capacity 4600K, committed 4608K, reserved 1048576K
}
Event: 7.844 GC heap before
{Heap before GC invocations=10 (full 2):
 PSYoungGen      total 173056K, used 8478K [0x00000000d6100000, 0x00000000e3400000, 0x0000000100000000)
  eden space 162816K, 0% used [0x00000000d6100000,0x00000000d6100000,0x00000000e0000000)
  from space 10240K, 82% used [0x00000000e0a80000,0x00000000e12c79e8,0x00000000e1480000)
  to   space 10752K, 0% used [0x00000000e0000000,0x00000000e0000000,0x00000000e0a80000)
 ParOldGen       total 53248K, used 10504K [0x0000000082200000, 0x0000000085600000, 0x00000000d6100000)
  object space 53248K, 19% used [0x0000000082200000,0x0000000082c42330,0x0000000085600000)
 Metaspace       used 33199K, capacity 35391K, committed 35496K, reserved 1081344K
  class space    used 4196K, capacity 4600K, committed 4608K, reserved 1048576K
Event: 7.883 GC heap after
Heap after GC invocations=10 (full 2):
 PSYoungGen      total 173056K, used 0K [0x00000000d6100000, 0x00000000e3400000, 0x0000000100000000)
  eden space 162816K, 0% used [0x00000000d6100000,0x00000000d6100000,0x00000000e0000000)
  from space 10240K, 0% used [0x00000000e0a80000,0x00000000e0a80000,0x00000000e1480000)
  to   space 10752K, 0% used [0x00000000e0000000,0x00000000e0000000,0x00000000e0a80000)
 ParOldGen       total 78848K, used 10900K [0x0000000082200000, 0x0000000086f00000, 0x00000000d6100000)
  object space 78848K, 13% used [0x0000000082200000,0x0000000082ca5100,0x0000000086f00000)
 Metaspace       used 33199K, capacity 35391K, committed 35496K, reserved 1081344K
  class space    used 4196K, capacity 4600K, committed 4608K, reserved 1048576K
}

Deoptimization events (10 events):
Event: 726.819 Thread 0x0000000023678800 Uncommon trap: reason=unhandled action=none pc=0x00000000036feae4 method=java.net.URLClassLoader.findClass(Ljava/lang/String;)Ljava/lang/Class; @ 44
Event: 726.819 Thread 0x0000000023678800 Uncommon trap: reason=range_check action=none pc=0x000000000324679c method=sun.reflect.generics.parser.SignatureParser.current()C @ 34
Event: 726.822 Thread 0x0000000023678800 Uncommon trap: reason=unhandled action=none pc=0x00000000036feae4 method=java.net.URLClassLoader.findClass(Ljava/lang/String;)Ljava/lang/Class; @ 44
Event: 726.823 Thread 0x0000000023678800 Uncommon trap: reason=range_check action=none pc=0x000000000324679c method=sun.reflect.generics.parser.SignatureParser.current()C @ 34
Event: 726.823 Thread 0x0000000023678800 Uncommon trap: reason=unhandled action=none pc=0x00000000036feae4 method=java.net.URLClassLoader.findClass(Ljava/lang/String;)Ljava/lang/Class; @ 44
Event: 726.824 Thread 0x0000000023678800 Uncommon trap: reason=unhandled action=none pc=0x00000000036feae4 method=java.net.URLClassLoader.findClass(Ljava/lang/String;)Ljava/lang/Class; @ 44
Event: 726.824 Thread 0x0000000023678800 Uncommon trap: reason=unhandled action=none pc=0x00000000036feae4 method=java.net.URLClassLoader.findClass(Ljava/lang/String;)Ljava/lang/Class; @ 44
Event: 726.825 Thread 0x0000000023678800 Uncommon trap: reason=unhandled action=none pc=0x00000000036feae4 method=java.net.URLClassLoader.findClass(Ljava/lang/String;)Ljava/lang/Class; @ 44
Event: 726.825 Thread 0x0000000023678800 Uncommon trap: reason=unhandled action=none pc=0x00000000036feae4 method=java.net.URLClassLoader.findClass(Ljava/lang/String;)Ljava/lang/Class; @ 44
Event: 726.826 Thread 0x0000000023678800 Uncommon trap: reason=unhandled action=none pc=0x00000000036feae4 method=java.net.URLClassLoader.findClass(Ljava/lang/String;)Ljava/lang/Class; @ 44

Classes redefined (4 events):
Event: 145.203 Thread 0x0000000017d69000 redefined class name=com.test.atmira.backend.asteroids.demo.controller.Controller, count=1
Event: 650.415 Thread 0x0000000017d69000 redefined class name=com.test.atmira.backend.asteroids.demo.controller.Controller, count=2
Event: 660.477 Thread 0x0000000017d69000 redefined class name=com.test.atmira.backend.asteroids.demo.controller.Controller, count=3
Event: 720.475 Thread 0x0000000017d69000 redefined class name=com.test.atmira.backend.asteroids.demo.controller.Controller, count=4

Internal exceptions (10 events):
Event: 707.278 Thread 0x000000001c357000 Exception <a 'java/lang/NullPointerException'> (0x00000000d93156a0) thrown at [C:\jenkins\workspace\8-2-build-windows-amd64-cygwin\jdk8u251\737\hotspot\src\share\vm\interpreter\linkResolver.cpp, line 1185]
Event: 707.279 Thread 0x000000001c357000 Exception <a 'java/lang/reflect/InvocationTargetException'> (0x00000000d9315a90) thrown at [C:\jenkins\workspace\8-2-build-windows-amd64-cygwin\jdk8u251\737\hotspot\src\share\vm\runtime\reflection.cpp, line 1092]
Event: 707.300 Thread 0x000000001c357000 Implicit null exception at 0x00000000031058d9 to 0x0000000003105dc1
Event: 726.674 Thread 0x0000000023674000 Exception <a 'java/lang/NullPointerException'> (0x00000000d8dad938) thrown at [C:\jenkins\workspace\8-2-build-windows-amd64-cygwin\jdk8u251\737\hotspot\src\share\vm\interpreter\linkResolver.cpp, line 1185]
Event: 726.674 Thread 0x0000000023674000 Exception <a 'java/lang/reflect/InvocationTargetException'> (0x00000000d8dadd28) thrown at [C:\jenkins\workspace\8-2-build-windows-amd64-cygwin\jdk8u251\737\hotspot\src\share\vm\runtime\reflection.cpp, line 1092]
Event: 726.676 Thread 0x0000000023674000 Implicit null exception at 0x00000000030be296 to 0x00000000030be73d
Event: 726.776 Thread 0x0000000023678800 Exception <a 'java/lang/ArrayIndexOutOfBoundsException': 137> (0x00000000d97a3d40) thrown at [C:\jenkins\workspace\8-2-build-windows-amd64-cygwin\jdk8u251\737\hotspot\src\share\vm\interpreter\interpreterRuntime.cpp, line 368]
Event: 726.776 Thread 0x0000000023678800 Exception <a 'java/lang/ArrayIndexOutOfBoundsException': 64> (0x00000000d97a51e0) thrown at [C:\jenkins\workspace\8-2-build-windows-amd64-cygwin\jdk8u251\737\hotspot\src\share\vm\interpreter\interpreterRuntime.cpp, line 368]
Event: 726.820 Thread 0x0000000023678800 Exception <a 'java/lang/ArrayIndexOutOfBoundsException': 101> (0x00000000d9ac35c0) thrown at [C:\jenkins\workspace\8-2-build-windows-amd64-cygwin\jdk8u251\737\hotspot\src\share\vm\interpreter\interpreterRuntime.cpp, line 368]
Event: 726.823 Thread 0x0000000023678800 Exception <a 'java/lang/ArrayIndexOutOfBoundsException': 149> (0x00000000d9b02d20) thrown at [C:\jenkins\workspace\8-2-build-windows-amd64-cygwin\jdk8u251\737\hotspot\src\share\vm\interpreter\interpreterRuntime.cpp, line 368]

Events (10 events):
Event: 751.351 Executing VM operation: GetCurrentContendedMonitor done
Event: 751.351 Executing VM operation: GetOwnedMonitorInfo
Event: 751.352 Executing VM operation: GetOwnedMonitorInfo done
Event: 751.352 Executing VM operation: GetCurrentContendedMonitor
Event: 751.352 Executing VM operation: GetCurrentContendedMonitor done
Event: 751.355 Executing VM operation: GetCurrentContendedMonitor
Event: 751.355 Executing VM operation: GetCurrentContendedMonitor done
Event: 751.355 Executing VM operation: GetOwnedMonitorInfo
Event: 751.355 Executing VM operation: GetOwnedMonitorInfo done
Event: 751.446 Executing VM operation: GetOrSetLocal


Dynamic libraries:
0x00007ff717540000 - 0x00007ff717577000 	C:\Program Files\Java\jre1.8.0_251\bin\javaw.exe
0x00007ffbc1750000 - 0x00007ffbc1945000 	C:\WINDOWS\SYSTEM32\ntdll.dll
0x00007ffbc1540000 - 0x00007ffbc15fe000 	C:\WINDOWS\System32\KERNEL32.DLL
0x00007ffbbf100000 - 0x00007ffbbf3c8000 	C:\WINDOWS\System32\KERNELBASE.dll
0x00007ffbc0cc0000 - 0x00007ffbc0d6c000 	C:\WINDOWS\System32\ADVAPI32.dll
0x00007ffbc14a0000 - 0x00007ffbc153e000 	C:\WINDOWS\System32\msvcrt.dll
0x00007ffbc0180000 - 0x00007ffbc021b000 	C:\WINDOWS\System32\sechost.dll
0x00007ffbbffc0000 - 0x00007ffbc00ea000 	C:\WINDOWS\System32\RPCRT4.dll
0x00007ffbc11b0000 - 0x00007ffbc1351000 	C:\WINDOWS\System32\USER32.dll
0x00007ffbbf740000 - 0x00007ffbbf762000 	C:\WINDOWS\System32\win32u.dll
0x00007ffbc0dc0000 - 0x00007ffbc0deb000 	C:\WINDOWS\System32\GDI32.dll
0x00007ffbbf3d0000 - 0x00007ffbbf4db000 	C:\WINDOWS\System32\gdi32full.dll
0x00007ffbbf6a0000 - 0x00007ffbbf73d000 	C:\WINDOWS\System32\msvcp_win.dll
0x00007ffbbef40000 - 0x00007ffbbf040000 	C:\WINDOWS\System32\ucrtbase.dll
0x00007ffbadb40000 - 0x00007ffbaddda000 	C:\WINDOWS\WinSxS\amd64_microsoft.windows.common-controls_6595b64144ccf1df_6.0.19041.1110_none_60b5254171f9507e\COMCTL32.dll
0x00007ffbc0d70000 - 0x00007ffbc0da0000 	C:\WINDOWS\System32\IMM32.DLL
0x000000005a6a0000 - 0x000000005a772000 	C:\Program Files\Java\jre1.8.0_251\bin\msvcr100.dll
0x000000005a780000 - 0x000000005b02b000 	C:\Program Files\Java\jre1.8.0_251\bin\server\jvm.dll
0x00007ffbc1410000 - 0x00007ffbc1418000 	C:\WINDOWS\System32\PSAPI.DLL
0x00007ffb9f810000 - 0x00007ffb9f837000 	C:\WINDOWS\SYSTEM32\WINMM.dll
0x00007ffbb8440000 - 0x00007ffbb844a000 	C:\WINDOWS\SYSTEM32\VERSION.dll
0x00007ffba4930000 - 0x00007ffba4939000 	C:\WINDOWS\SYSTEM32\WSOCK32.dll
0x00007ffbc0c40000 - 0x00007ffbc0cab000 	C:\WINDOWS\System32\WS2_32.dll
0x00007ffbba780000 - 0x00007ffbba78f000 	C:\Program Files\Java\jre1.8.0_251\bin\verify.dll
0x00007ffbabf80000 - 0x00007ffbabfa9000 	C:\Program Files\Java\jre1.8.0_251\bin\java.dll
0x00007ffb8b690000 - 0x00007ffb8b6c5000 	C:\Program Files\Java\jre1.8.0_251\bin\jdwp.dll
0x00007ffba2f60000 - 0x00007ffba2f68000 	C:\Program Files\Java\jre1.8.0_251\bin\npt.dll
0x00007ffb8e860000 - 0x00007ffb8e883000 	C:\Program Files\Java\jre1.8.0_251\bin\instrument.dll
0x00007ffbba760000 - 0x00007ffbba776000 	C:\Program Files\Java\jre1.8.0_251\bin\zip.dll
0x00007ffbc0340000 - 0x00007ffbc0a7f000 	C:\WINDOWS\System32\SHELL32.dll
0x00007ffbbcf20000 - 0x00007ffbbd6b0000 	C:\WINDOWS\SYSTEM32\windows.storage.dll
0x00007ffbc0df0000 - 0x00007ffbc1145000 	C:\WINDOWS\System32\combase.dll
0x00007ffbbe890000 - 0x00007ffbbe8be000 	C:\WINDOWS\SYSTEM32\Wldp.dll
0x00007ffbc1360000 - 0x00007ffbc140d000 	C:\WINDOWS\System32\SHCORE.dll
0x00007ffbbfae0000 - 0x00007ffbbfb35000 	C:\WINDOWS\System32\shlwapi.dll
0x00007ffbbed80000 - 0x00007ffbbed9f000 	C:\WINDOWS\SYSTEM32\profapi.dll
0x00007ffba1da0000 - 0x00007ffba1da9000 	C:\Program Files\Java\jre1.8.0_251\bin\dt_socket.dll
0x00007ffb9d420000 - 0x00007ffb9d437000 	C:\WINDOWS\system32\napinsp.dll
0x00007ffb9cd50000 - 0x00007ffb9cd6b000 	C:\WINDOWS\system32\pnrpnsp.dll
0x00007ffb9cd30000 - 0x00007ffb9cd45000 	C:\WINDOWS\system32\wshbth.dll
0x00007ffbba730000 - 0x00007ffbba74d000 	C:\WINDOWS\system32\NLAapi.dll
0x00007ffbbe290000 - 0x00007ffbbe2cb000 	C:\WINDOWS\SYSTEM32\IPHLPAPI.DLL
0x00007ffbbe5f0000 - 0x00007ffbbe65a000 	C:\WINDOWS\System32\mswsock.dll
0x00007ffbbe2e0000 - 0x00007ffbbe3ab000 	C:\WINDOWS\SYSTEM32\DNSAPI.dll
0x00007ffbc0cb0000 - 0x00007ffbc0cb8000 	C:\WINDOWS\System32\NSI.dll
0x00007ffb9cd10000 - 0x00007ffb9cd22000 	C:\WINDOWS\System32\winrnr.dll
0x00007ffbaef00000 - 0x00007ffbaef7f000 	C:\WINDOWS\System32\fwpuclnt.dll
0x00007ffbbf0d0000 - 0x00007ffbbf0f7000 	C:\WINDOWS\System32\bcrypt.dll
0x00007ffbb3530000 - 0x00007ffbb353a000 	C:\Windows\System32\rasadhlp.dll
0x00007ffba14e0000 - 0x00007ffba14ed000 	C:\Program Files\Java\jre1.8.0_251\bin\management.dll
0x00007ffbb4ec0000 - 0x00007ffbb4eda000 	C:\Program Files\Java\jre1.8.0_251\bin\net.dll
0x00007ffbabf60000 - 0x00007ffbabf72000 	C:\Program Files\Java\jre1.8.0_251\bin\nio.dll
0x00007ffbbe7e0000 - 0x00007ffbbe7f8000 	C:\WINDOWS\SYSTEM32\CRYPTSP.dll
0x00007ffbbdf00000 - 0x00007ffbbdf34000 	C:\WINDOWS\system32\rsaenh.dll
0x00007ffbbed40000 - 0x00007ffbbed6e000 	C:\WINDOWS\SYSTEM32\USERENV.dll
0x00007ffbbf040000 - 0x00007ffbbf0c3000 	C:\WINDOWS\System32\bcryptprimitives.dll
0x00007ffbbe800000 - 0x00007ffbbe80c000 	C:\WINDOWS\SYSTEM32\CRYPTBASE.dll
0x00007ffbb7430000 - 0x00007ffbb7447000 	C:\WINDOWS\SYSTEM32\dhcpcsvc6.DLL
0x00007ffbb7410000 - 0x00007ffbb742d000 	C:\WINDOWS\SYSTEM32\dhcpcsvc.DLL
0x00007ffb9dc90000 - 0x00007ffb9dcb4000 	C:\Program Files\Java\jre1.8.0_251\bin\sunec.dll
0x00007ffbba190000 - 0x00007ffbba19c000 	C:\Program Files\Java\jre1.8.0_251\bin\sunmscapi.dll
0x00007ffbbf4e0000 - 0x00007ffbbf636000 	C:\WINDOWS\System32\CRYPT32.dll
0x00007ffbbe900000 - 0x00007ffbbe927000 	C:\WINDOWS\SYSTEM32\ncrypt.dll
0x00007ffbbe8c0000 - 0x00007ffbbe8fb000 	C:\WINDOWS\SYSTEM32\NTASN1.dll

VM Arguments:
jvm_args: -agentlib:jdwp=transport=dt_socket,suspend=y,address=localhost:62949 -javaagent:C:\Users\manuel.ruiz\eclipse\java-2020-03\eclipse\configuration\org.eclipse.osgi\223\0\.cp\lib\javaagent-shaded.jar -Dfile.encoding=UTF-8 
java_command: com.test.atmira.backend.asteroids.demo.AsteroidsDemoApplication
java_class_path (initial): C:\Users\manuel.ruiz\Desktop\cosas\poyecto demo\asteroids-demo\target\classes;C:\Users\manuel.ruiz\.m2\repository\org\springframework\boot\spring-boot-starter-web\2.6.0\spring-boot-starter-web-2.6.0.jar;C:\Users\manuel.ruiz\.m2\repository\org\springframework\boot\spring-boot-starter\2.6.0\spring-boot-starter-2.6.0.jar;C:\Users\manuel.ruiz\.m2\repository\org\springframework\boot\spring-boot\2.6.0\spring-boot-2.6.0.jar;C:\Users\manuel.ruiz\.m2\repository\org\springframework\boot\spring-boot-autoconfigure\2.6.0\spring-boot-autoconfigure-2.6.0.jar;C:\Users\manuel.ruiz\.m2\repository\org\springframework\boot\spring-boot-starter-logging\2.6.0\spring-boot-starter-logging-2.6.0.jar;C:\Users\manuel.ruiz\.m2\repository\ch\qos\logback\logback-classic\1.2.7\logback-classic-1.2.7.jar;C:\Users\manuel.ruiz\.m2\repository\ch\qos\logback\logback-core\1.2.7\logback-core-1.2.7.jar;C:\Users\manuel.ruiz\.m2\repository\org\apache\logging\log4j\log4j-to-slf4j\2.14.1\log4j-to-slf4j-2.14.1.jar;C:\Users\manuel.ruiz\.m2\repository\org\apache\logging\log4j\log4j-api\2.14.1\log4j-api-2.14.1.jar;C:\Users\manuel.ruiz\.m2\repository\org\slf4j\jul-to-slf4j\1.7.32\jul-to-slf4j-1.7.32.jar;C:\Users\manuel.ruiz\.m2\repository\jakarta\annotation\jakarta.annotation-api\1.3.5\jakarta.annotation-api-1.3.5.jar;C:\Users\manuel.ruiz\.m2\repository\org\yaml\snakeyaml\1.29\snakeyaml-1.29.jar;C:\Users\manuel.ruiz\.m2\repository\org\springframework\boot\spring-boot-starter-json\2.6.0\spring-boot-starter-json-2.6.0.jar;C:\Users\manuel.ruiz\.m2\repository\com\fasterxml\jackson\core\jackson-databind\2.13.0\jackson-databind-2.13.0.jar;C:\Users\manuel.ruiz\.m2\repository\com\fasterxml\jackson\core\jackson-annotations\2.13.0\jackson-annotations-2.13.0.jar;C:\Users\manuel.ruiz\.m2\repository\com\fasterxml\jackson\core\jackson-core\2.13.0\jackson-core-2.13.0.jar;C:\Users\manuel.ruiz\.m2\repository\com\fasterxml\jackson\datatype\jackson-datatype-jdk8\2.13.0\jackson-datatype-jdk8-2.13.0.jar;C:\
Launcher Type: SUN_STANDARD

Environment Variables:
JAVA_HOME=C:\Users\manuel.ruiz\Documents\IPA\PaaS\bin\java\jdk-1.8\bin
PATH=C:/Program Files/Java/jre1.8.0_251/bin/server;C:/Program Files/Java/jre1.8.0_251/bin;C:/Program Files/Java/jre1.8.0_251/lib/amd64;C:\Program Files (x86)\VMware\VMware Player\bin\;C:\Program Files (x86)\Common Files\Oracle\Java\javapath;C:\WINDOWS\system32;C:\WINDOWS;C:\WINDOWS\System32\Wbem;C:\WINDOWS\System32\WindowsPowerShell\v1.0\;C:\WINDOWS\System32\OpenSSH\;C:\Program Files\nodejs\;C:\Users\manuel.ruiz\AppData\Local\Microsoft\WindowsApps;C:\Users\manuel.ruiz\Documents\IPA\PaaS\bin\java\jdk-1.8\bin\bin;C:\Users\manuel.ruiz\AppData\Roaming\npm;;C:\Users\manuel.ruiz\Desktop;
USERNAME=manuel.ruiz
OS=Windows_NT
PROCESSOR_IDENTIFIER=Intel64 Family 6 Model 142 Stepping 12, GenuineIntel



---------------  S Y S T E M  ---------------

OS: Windows 10.0 , 64 bit Build 19041 (10.0.19041.1348)

CPU:total 8 (initial active 8) (4 cores per cpu, 2 threads per core) family 6 model 142 stepping 12, cmov, cx8, fxsr, mmx, sse, sse2, sse3, ssse3, sse4.1, sse4.2, popcnt, avx, avx2, aes, clmul, erms, 3dnowpref, lzcnt, ht, tsc, tscinvbit, bmi1, bmi2, adx

Memory: 4k page, physical 8247348k(2072608k free), swap 11216012k(3528452k free)

vm_info: Java HotSpot(TM) 64-Bit Server VM (25.251-b08) for windows-amd64 JRE (1.8.0_251-b08), built on Mar 12 2020 06:31:49 by "" with MS VC++ 10.0 (VS2010)

time: Wed Nov 24 19:32:57 2021
timezone: Hora estándar Europa Occidental
elapsed time: 751 seconds (0d 0h 12m 31s)

